2020/08/30 09:49:11 [INFO] Terraform version: 0.13.1  
2020/08/30 09:49:11 [INFO] Go runtime version: go1.14.7
2020/08/30 09:49:11 [INFO] CLI args: []string{"/usr/local/Cellar/tfenv/2.0.0/versions/0.13.1/terraform", "plan"}
2020/08/30 09:49:11 [DEBUG] Attempting to open CLI config file: /Users/pjoyce/.terraformrc
2020/08/30 09:49:11 [DEBUG] File doesn't exist, but doesn't need to. Ignoring.
2020/08/30 09:49:11 [DEBUG] ignoring non-existing provider search directory terraform.d/plugins
2020/08/30 09:49:11 [DEBUG] ignoring non-existing provider search directory /Users/pjoyce/.terraform.d/plugins
2020/08/30 09:49:11 [DEBUG] ignoring non-existing provider search directory /Users/pjoyce/Library/Application Support/io.terraform/plugins
2020/08/30 09:49:11 [DEBUG] ignoring non-existing provider search directory /Library/Application Support/io.terraform/plugins
2020/08/30 09:49:11 [INFO] CLI command args: []string{"plan"}
2020/08/30 09:49:11 [TRACE] Meta.Backend: built configuration for "s3" backend with hash value 2721798788
2020/08/30 09:49:11 [TRACE] Preserving existing state lineage "7c416345-027c-ec2c-c8e8-a103903cb3b8"
2020/08/30 09:49:11 [TRACE] Preserving existing state lineage "7c416345-027c-ec2c-c8e8-a103903cb3b8"
2020/08/30 09:49:11 [TRACE] Meta.Backend: working directory was previously initialized for "s3" backend
2020/08/30 09:49:11 [TRACE] Meta.Backend: using already-initialized, unchanged "s3" backend configuration
2020/08/30 09:49:11 [INFO] AWS Auth provider used: "SharedCredentialsProvider"
2020/08/30 09:49:11 [DEBUG] Trying to get account information via sts:GetCallerIdentity
2020/08/30 09:49:11 [TRACE] Meta.Backend: instantiated backend of type *s3.Backend
2020/08/30 09:49:11 [TRACE] providercache.fillMetaCache: scanning directory .terraform/plugins
2020/08/30 09:49:11 [TRACE] getproviders.SearchLocalDirectory: .terraform/plugins is a symlink to .terraform/plugins
2020/08/30 09:49:11 [TRACE] getproviders.SearchLocalDirectory: found registry.terraform.io/hashicorp/aws v3.4.0 for darwin_amd64 at .terraform/plugins/registry.terraform.io/hashicorp/aws/3.4.0/darwin_amd64
2020/08/30 09:49:11 [TRACE] getproviders.SearchLocalDirectory: found registry.terraform.io/hashicorp/template v2.1.2 for darwin_amd64 at .terraform/plugins/registry.terraform.io/hashicorp/template/2.1.2/darwin_amd64
2020/08/30 09:49:11 [TRACE] providercache.fillMetaCache: including .terraform/plugins/registry.terraform.io/hashicorp/aws/3.4.0/darwin_amd64 as a candidate package for registry.terraform.io/hashicorp/aws 3.4.0
2020/08/30 09:49:11 [TRACE] providercache.fillMetaCache: including .terraform/plugins/registry.terraform.io/hashicorp/template/2.1.2/darwin_amd64 as a candidate package for registry.terraform.io/hashicorp/template 2.1.2
2020/08/30 09:49:12 [TRACE] providercache.fillMetaCache: using cached result from previous scan of .terraform/plugins
2020/08/30 09:49:12 [DEBUG] checking for provisioner in "."
2020/08/30 09:49:12 [DEBUG] checking for provisioner in "/usr/local/Cellar/tfenv/2.0.0/versions/0.13.1"
2020/08/30 09:49:12 [INFO] Failed to read plugin lock file .terraform/plugins/darwin_amd64/lock.json: open .terraform/plugins/darwin_amd64/lock.json: no such file or directory
2020/08/30 09:49:12 [TRACE] Meta.Backend: backend *s3.Backend does not support operations, so wrapping it in a local backend
2020/08/30 09:49:12 [INFO] backend/local: starting Plan operation
2020/08/30 09:49:12 [TRACE] backend/local: requesting state manager for workspace "default"
2020/08/30 09:49:12 [TRACE] backend/local: requesting state lock for workspace "default"
2020/08/30 09:49:12 [TRACE] backend/local: reading remote state for workspace "default"
2020/08/30 09:49:12 [TRACE] backend/local: retrieving local state snapshot for workspace "default"
2020/08/30 09:49:12 [TRACE] backend/local: building context for current working directory
2020/08/30 09:49:12 [DEBUG] backend/local: will prompt for input of unset required variables [rds_password secret_key]
2020/08/30 09:49:12 [DEBUG] command: asking for input: "var.rds_password"
2020/08/30 09:49:15 [DEBUG] command: asking for input: "var.secret_key"
2020/08/30 09:49:20 [TRACE] terraform.NewContext: starting
2020/08/30 09:49:20 [TRACE] terraform.NewContext: loading provider schemas
2020/08/30 09:49:20 [TRACE] LoadSchemas: retrieving schema for provider type "registry.terraform.io/hashicorp/aws"
2020-08-30T09:49:20.208-0400 [INFO]  plugin: configuring client automatic mTLS
2020-08-30T09:49:20.237-0400 [DEBUG] plugin: starting plugin: path=.terraform/plugins/registry.terraform.io/hashicorp/aws/3.4.0/darwin_amd64/terraform-provider-aws_v3.4.0_x5 args=[.terraform/plugins/registry.terraform.io/hashicorp/aws/3.4.0/darwin_amd64/terraform-provider-aws_v3.4.0_x5]
2020-08-30T09:49:20.241-0400 [DEBUG] plugin: plugin started: path=.terraform/plugins/registry.terraform.io/hashicorp/aws/3.4.0/darwin_amd64/terraform-provider-aws_v3.4.0_x5 pid=6356
2020-08-30T09:49:20.241-0400 [DEBUG] plugin: waiting for RPC address: path=.terraform/plugins/registry.terraform.io/hashicorp/aws/3.4.0/darwin_amd64/terraform-provider-aws_v3.4.0_x5
2020-08-30T09:49:20.269-0400 [INFO]  plugin.terraform-provider-aws_v3.4.0_x5: configuring server automatic mTLS: timestamp=2020-08-30T09:49:20.269-0400
2020-08-30T09:49:20.294-0400 [DEBUG] plugin: using plugin: version=5
2020-08-30T09:49:20.294-0400 [DEBUG] plugin.terraform-provider-aws_v3.4.0_x5: plugin address: network=unix address=/var/folders/jd/c6hvpf0n40v79k93d3v37mm80000gp/T/plugin294284499 timestamp=2020-08-30T09:49:20.294-0400
2020/08/30 09:49:20 [TRACE] GRPCProvider: GetSchema
2020-08-30T09:49:20.339-0400 [TRACE] plugin.stdio: waiting for stdio data
2020/08/30 09:49:20 [TRACE] GRPCProvider: Close
2020-08-30T09:49:20.447-0400 [WARN]  plugin.stdio: received EOF, stopping recv loop: err="rpc error: code = Unavailable desc = transport is closing"
2020-08-30T09:49:20.449-0400 [DEBUG] plugin: plugin process exited: path=.terraform/plugins/registry.terraform.io/hashicorp/aws/3.4.0/darwin_amd64/terraform-provider-aws_v3.4.0_x5 pid=6356
2020-08-30T09:49:20.449-0400 [DEBUG] plugin: plugin exited
2020/08/30 09:49:20 [TRACE] LoadSchemas: retrieving schema for provider type "registry.terraform.io/hashicorp/template"
2020-08-30T09:49:20.449-0400 [INFO]  plugin: configuring client automatic mTLS
2020-08-30T09:49:20.469-0400 [DEBUG] plugin: starting plugin: path=.terraform/plugins/registry.terraform.io/hashicorp/template/2.1.2/darwin_amd64/terraform-provider-template_v2.1.2_x4 args=[.terraform/plugins/registry.terraform.io/hashicorp/template/2.1.2/darwin_amd64/terraform-provider-template_v2.1.2_x4]
2020-08-30T09:49:20.472-0400 [DEBUG] plugin: plugin started: path=.terraform/plugins/registry.terraform.io/hashicorp/template/2.1.2/darwin_amd64/terraform-provider-template_v2.1.2_x4 pid=6357
2020-08-30T09:49:20.472-0400 [DEBUG] plugin: waiting for RPC address: path=.terraform/plugins/registry.terraform.io/hashicorp/template/2.1.2/darwin_amd64/terraform-provider-template_v2.1.2_x4
2020-08-30T09:49:20.480-0400 [INFO]  plugin.terraform-provider-template_v2.1.2_x4: configuring server automatic mTLS: timestamp=2020-08-30T09:49:20.479-0400
2020-08-30T09:49:20.503-0400 [DEBUG] plugin: using plugin: version=5
2020-08-30T09:49:20.503-0400 [DEBUG] plugin.terraform-provider-template_v2.1.2_x4: plugin address: address=/var/folders/jd/c6hvpf0n40v79k93d3v37mm80000gp/T/plugin112940800 network=unix timestamp=2020-08-30T09:49:20.503-0400
2020/08/30 09:49:20 [TRACE] GRPCProvider: GetSchema
2020-08-30T09:49:20.548-0400 [TRACE] plugin.stdio: waiting for stdio data
2020-08-30T09:49:20.548-0400 [WARN]  plugin.stdio: received EOF, stopping recv loop: err="rpc error: code = Unimplemented desc = unknown service plugin.GRPCStdio"
2020/08/30 09:49:20 [TRACE] No provider meta schema returned
2020/08/30 09:49:20 [TRACE] GRPCProvider: Close
2020-08-30T09:49:20.550-0400 [DEBUG] plugin: plugin process exited: path=.terraform/plugins/registry.terraform.io/hashicorp/template/2.1.2/darwin_amd64/terraform-provider-template_v2.1.2_x4 pid=6357
2020-08-30T09:49:20.550-0400 [DEBUG] plugin: plugin exited
2020/08/30 09:49:20 [TRACE] terraform.NewContext: complete
2020/08/30 09:49:20 [DEBUG] backend/local: will prompt for input of unset required variables [rds_password secret_key]
2020/08/30 09:49:20 [DEBUG] command: asking for input: "var.rds_password"
2020/08/30 09:49:24 [DEBUG] command: asking for input: "var.secret_key"
2020/08/30 09:49:27 [WARN] backend/local: Failed to request user input for variable "secret_key": interrupted
2020/08/30 09:49:27 [TRACE] backend/local: finished building terraform.Context
2020/08/30 09:49:27 [TRACE] backend/local: requesting interactive input, if necessary
2020/08/30 09:49:27 [TRACE] Context.Input: Prompting for provider arguments
2020/08/30 09:49:27 [TRACE] Context.Input: Provider provider.aws declared at main.tf:12,1-15
2020/08/30 09:49:27 [TRACE] Context.Input: Provider provider.template implied by data block at key.tf:1,1-30
2020/08/30 09:49:27 [TRACE] Context.Input: Input for provider.aws: map[string]cty.Value{}
2020/08/30 09:49:27 [TRACE] Context.Input: Input for provider.template: map[string]cty.Value{}
2020/08/30 09:49:27 [TRACE] backend/local: running validation operation
panic: runtime error: invalid memory address or nil pointer dereference
[signal SIGSEGV: segmentation violation code=0x1 addr=0x90 pc=0x1720e43]

goroutine 97 [running]:
github.com/hashicorp/terraform/terraform.(*Context).acquireRun(0x0, 0x32cd9c2, 0x8, 0x0)
	/home/circleci/project/project/terraform/context.go:710 +0x43
github.com/hashicorp/terraform/terraform.(*Context).Validate(0x0, 0x0, 0x0, 0x0)
	/home/circleci/project/project/terraform/context.go:656 +0x80
github.com/hashicorp/terraform/backend/local.(*Local).context(0xc0008ab5f0, 0xc000b997a0, 0x0, 0x0, 0x0, 0x0, 0x0, 0x0, 0x0)
	/home/circleci/project/project/backend/local/backend_local.go:148 +0xbb0
github.com/hashicorp/terraform/backend/local.(*Local).opPlan(0xc0008ab5f0, 0x38e27a0, 0xc000d82080, 0x38e27a0, 0xc000d820c0, 0xc000b997a0, 0xc000d82040)
	/home/circleci/project/project/backend/local/backend_plan.go:72 +0x2c1
github.com/hashicorp/terraform/backend/local.(*Local).Operation.func1(0xc000d80010, 0xc000d80020, 0xc000d80030, 0xc0008ab5f0, 0xc000d80000, 0x38e27a0, 0xc000d82080, 0x38e27a0, 0xc000d820c0, 0xc000b997a0, ...)
	/home/circleci/project/project/backend/local/backend.go:340 +0xe8
created by github.com/hashicorp/terraform/backend/local.(*Local).Operation
	/home/circleci/project/project/backend/local/backend.go:334 +0x366
